<?xml version="1.0" encoding="UTF-8"?>
<testsuite name="cn.school.thoughtworks.section1.PracticeBTest" tests="1" skipped="0" failures="0" errors="0" timestamp="2019-03-29T13:50:07" hostname="YutingLIs-MacBook-Pro.local" time="0.001">
  <properties/>
  <testcase name="collect_same_elements_should_return_an_array_with_same_elements_in_two_collections" classname="cn.school.thoughtworks.section1.PracticeBTest" time="0.001"/>
  <system-out><![CDATA[]]></system-out>
  <system-err><![CDATA[]]></system-err>
</testsuite>
