<?xml version="1.0" encoding="UTF-8"?>
<testsuite name="cn.school.thoughtworks.section2.PracticeATest" tests="1" skipped="0" failures="0" errors="0" timestamp="2019-03-29T13:50:07" hostname="YutingLIs-MacBook-Pro.local" time="0.001">
  <properties/>
  <testcase name="count_same_elements_should_return_an_map_with_elements_and_count" classname="cn.school.thoughtworks.section2.PracticeATest" time="0.001"/>
  <system-out><![CDATA[]]></system-out>
  <system-err><![CDATA[]]></system-err>
</testsuite>
